 -- 2017-10-17T04:46:20-04:00 UPGRADE --
Checking files integrity...
[37;41;1mchecksum.txt not found, integrity check is not possible[0m
Clearing cache...
Upgrading workspaces (1/1): [32;1mworkflow[0m
> Updating database...
-> 1 tables to add
-> 23 tables to alter
-> 17 indexes to add
-> Nothing to change in the data base structure of RBAC
-> Row updated in DASHLET
-> Row updated in DASHLET
-> Row updated in DASHLET
-> Row updated in DASHLET
-> Verifying roles permissions in RBAC 
    All roles permissions already updated 
-> Migrating the Intermediate Email Event 
   Migrating Itee Done 
<*>   Database Upgrade Process took 2.6828479766846 seconds.
> Check Intermediate Email Event...
<*>   Database Upgrade Process took 0.0048379898071289 seconds.
> Verify enterprise old...
    Without changes... 
<*>   Verify took 0.00017404556274414 seconds.
> Updating translations...
Updating Database translations with processmaker.en.po
Updating XML form translations with processmaker.en.po
Updating MAFE translations with processmaker.en.po
<*>   Updating Translations Process took 13.530454158783 seconds.
> Updating Content...
Rows Processed ---> 3132 ..... 
Rows Clustered ---> 3132 ..... 
Rows Unchanged ---> 3132 ..... 
Rows Inserted  ---> 0 ..... 
Rows Total     ---> 3132 ..... 
<*>   Updating Content Process took 0.042451143264771 seconds.
> Check Mafe Requirements...
<*>   Check Mafe Requirements Process took 0.0025889873504639 seconds.
> Updating Triggers...
<*>   Updating Triggers Process took 0.063996076583862 seconds.
> Backup log files...
<*>   Backup log files Process took 0.00011515617370605 seconds.
> Optimizing content data...
|--> Add content data in table GROUPWF
|--> Add content data in table PROCESS
|--> Add content data in table DEPARTMENT
|--> Add content data in table TASK
|--> Add content data in table INPUT_DOCUMENT
|--> Add content data in table APPLICATION
|--> Add content data in table APP_DOCUMENT
|--> Add content data in table DYNAFORM
|--> Add content data in table OUTPUT_DOCUMENT
|--> Add content data in table REPORT_TABLE
|--> Add content data in table TRIGGERS
|--> Add content data in table WEB_ENTRY_EVENT
<*>   Optimizing content data took 8.921571969986 seconds.
> Updating Files Manager...
<*>   Updating Files Manager took 0.010123014450073 seconds.
> Clean access and refresh tokens...
|--> Clean data in table OAUTH_ACCESS_TOKENS rows 32
|--> Clean data in table OAUTH_REFRESH_TOKENS rows 201
<*>   Clean access and refresh tokens took 0.0084540843963623 seconds.
> Optimizing Self-Service data...
-> Migrating Self-Service by Value Cases 
