2017-10-17 04:46:27 bitnami_pm 4
2017-10-17 04:46:27 bitnami_pm CREATE TABLE IF NOT EXISTS `APP_ASSIGN_SELF_SERVICE_VALUE_GROUP`(`ID` INT(11) NOT NULL DEFAULT '0',`GRP_UID` VARCHAR(32) NOT NULL)ENGINE=InnoDB DEFAULT CHARSET=utf8 COLLATE=utf8_general_ci;
2017-10-17 04:46:27 bitnami_pm ALTER TABLE `APP_ASSIGN_SELF_SERVICE_VALUE_GROUP` ADD INDEX indexId (`ID`);
2017-10-17 04:46:27 bitnami_pm ALTER TABLE `APPLICATION` ADD COLUMN `APP_STATUS_ID` TINYINT(4) NOT NULL DEFAULT '0';
2017-10-17 04:46:28 bitnami_pm ALTER TABLE `APP_DELEGATION` ADD COLUMN `DELEGATION_ID` INT(11) NOT NULL AUTO_INCREMENT UNIQUE;
2017-10-17 04:46:28 bitnami_pm ALTER TABLE `APP_DELEGATION` ADD COLUMN `APP_NUMBER` INT(11) NULL DEFAULT '0';
2017-10-17 04:46:28 bitnami_pm ALTER TABLE `APP_DELEGATION` ADD COLUMN `USR_ID` INT(11) NULL DEFAULT '0';
2017-10-17 04:46:28 bitnami_pm ALTER TABLE `APP_DELEGATION` ADD COLUMN `PRO_ID` INT(11) NULL DEFAULT '0';
2017-10-17 04:46:28 bitnami_pm ALTER TABLE `APP_DELEGATION` ADD COLUMN `TAS_ID` INT(11) NULL DEFAULT '0';
2017-10-17 04:46:28 bitnami_pm ALTER TABLE `APP_DOCUMENT` ADD COLUMN `APP_DOC_FILENAME` MEDIUMTEXT NOT NULL;
2017-10-17 04:46:28 bitnami_pm ALTER TABLE `APP_DOCUMENT` ADD COLUMN `APP_DOC_TITLE` MEDIUMTEXT NULL;
2017-10-17 04:46:28 bitnami_pm ALTER TABLE `APP_DOCUMENT` ADD COLUMN `APP_DOC_COMMENT` MEDIUMTEXT NULL;
2017-10-17 04:46:28 bitnami_pm ALTER TABLE `DYNAFORM` ADD COLUMN `DYN_TITLE` MEDIUMTEXT NOT NULL;
2017-10-17 04:46:28 bitnami_pm ALTER TABLE `DYNAFORM` ADD COLUMN `DYN_DESCRIPTION` MEDIUMTEXT NULL;
2017-10-17 04:46:28 bitnami_pm ALTER TABLE `OUTPUT_DOCUMENT` ADD COLUMN `OUT_DOC_TITLE` MEDIUMTEXT NOT NULL;
2017-10-17 04:46:28 bitnami_pm ALTER TABLE `OUTPUT_DOCUMENT` ADD COLUMN `OUT_DOC_DESCRIPTION` MEDIUMTEXT NULL;
2017-10-17 04:46:28 bitnami_pm ALTER TABLE `OUTPUT_DOCUMENT` ADD COLUMN `OUT_DOC_FILENAME` MEDIUMTEXT NULL;
2017-10-17 04:46:28 bitnami_pm ALTER TABLE `OUTPUT_DOCUMENT` ADD COLUMN `OUT_DOC_TEMPLATE` MEDIUMTEXT NULL;
2017-10-17 04:46:28 bitnami_pm ALTER TABLE `PROCESS` ADD COLUMN `PRO_ID` INT(11) NOT NULL AUTO_INCREMENT UNIQUE;
2017-10-17 04:46:28 bitnami_pm ALTER TABLE `PROCESS` ADD COLUMN `PRO_TRI_CREATE` VARCHAR(32) NOT NULL DEFAULT '';
2017-10-17 04:46:28 bitnami_pm ALTER TABLE `REPORT_TABLE` ADD COLUMN `REP_TAB_TITLE` MEDIUMTEXT NOT NULL;
2017-10-17 04:46:28 bitnami_pm ALTER TABLE `TASK` ADD COLUMN `TAS_ID` INT(11) NOT NULL AUTO_INCREMENT UNIQUE;
2017-10-17 04:46:28 bitnami_pm ALTER TABLE `TASK` ADD COLUMN `TAS_OFFLINE` VARCHAR(20) NOT NULL DEFAULT 'FALSE';
2017-10-17 04:46:28 bitnami_pm ALTER TABLE `TASK` ADD COLUMN `TAS_EMAIL_SERVER_UID` VARCHAR(32) NULL DEFAULT '';
2017-10-17 04:46:28 bitnami_pm ALTER TABLE `TASK` ADD COLUMN `TAS_AUTO_ROOT` VARCHAR(20) NOT NULL DEFAULT 'FALSE';
2017-10-17 04:46:28 bitnami_pm ALTER TABLE `TASK` ADD COLUMN `TAS_RECEIVE_SERVER_UID` VARCHAR(32) NULL DEFAULT '';
2017-10-17 04:46:28 bitnami_pm ALTER TABLE `TASK` ADD COLUMN `TAS_RECEIVE_LAST_EMAIL` VARCHAR(20) NOT NULL DEFAULT 'FALSE';
2017-10-17 04:46:28 bitnami_pm ALTER TABLE `TASK` ADD COLUMN `TAS_RECEIVE_EMAIL_FROM_FORMAT` INT(11) NULL DEFAULT '0';
2017-10-17 04:46:28 bitnami_pm ALTER TABLE `TASK` ADD COLUMN `TAS_RECEIVE_MESSAGE_TYPE` VARCHAR(20) NOT NULL DEFAULT 'text';
2017-10-17 04:46:28 bitnami_pm ALTER TABLE `TASK` ADD COLUMN `TAS_RECEIVE_MESSAGE_TEMPLATE` VARCHAR(100) NOT NULL DEFAULT 'alert_message.html';
2017-10-17 04:46:28 bitnami_pm ALTER TABLE `TASK` ADD COLUMN `TAS_RECEIVE_SUBJECT_MESSAGE` MEDIUMTEXT NULL;
2017-10-17 04:46:28 bitnami_pm ALTER TABLE `TASK` ADD COLUMN `TAS_RECEIVE_MESSAGE` MEDIUMTEXT NULL;
2017-10-17 04:46:28 bitnami_pm ALTER TABLE `TRIGGERS` ADD COLUMN `TRI_TITLE` MEDIUMTEXT NOT NULL;
2017-10-17 04:46:28 bitnami_pm ALTER TABLE `TRIGGERS` ADD COLUMN `TRI_DESCRIPTION` MEDIUMTEXT NULL;
2017-10-17 04:46:28 bitnami_pm ALTER TABLE `USERS` ADD COLUMN `USR_ID` INT(11) NOT NULL AUTO_INCREMENT UNIQUE;
2017-10-17 04:46:28 bitnami_pm ALTER TABLE `USERS` CHANGE COLUMN `USR_PASSWORD` `USR_PASSWORD` VARCHAR(128) NOT NULL DEFAULT '';
2017-10-17 04:46:28 bitnami_pm ALTER TABLE `APP_ASSIGN_SELF_SERVICE_VALUE` ADD COLUMN `ID` INT(11) NOT NULL AUTO_INCREMENT PRIMARY KEY;
2017-10-17 04:46:28 bitnami_pm ALTER TABLE `LIST_INBOX` ADD COLUMN `PRO_ID` INT(11) NULL DEFAULT '0';
2017-10-17 04:46:28 bitnami_pm ALTER TABLE `LIST_INBOX` ADD COLUMN `USR_ID` INT(11) NULL DEFAULT '0';
2017-10-17 04:46:28 bitnami_pm ALTER TABLE `LIST_INBOX` ADD COLUMN `TAS_ID` INT(11) NULL DEFAULT '0';
2017-10-17 04:46:28 bitnami_pm ALTER TABLE `LIST_INBOX` ADD COLUMN `APP_STATUS_ID` TINYINT(4) NULL DEFAULT '0';
2017-10-17 04:46:28 bitnami_pm ALTER TABLE `LIST_PARTICIPATED_HISTORY` ADD COLUMN `PRO_ID` INT(11) NULL DEFAULT '0';
2017-10-17 04:46:28 bitnami_pm ALTER TABLE `LIST_PARTICIPATED_HISTORY` ADD COLUMN `USR_ID` INT(11) NULL DEFAULT '0';
2017-10-17 04:46:28 bitnami_pm ALTER TABLE `LIST_PARTICIPATED_HISTORY` ADD COLUMN `TAS_ID` INT(11) NULL DEFAULT '0';
2017-10-17 04:46:28 bitnami_pm ALTER TABLE `LIST_PARTICIPATED_LAST` ADD COLUMN `PRO_ID` INT(11) NULL DEFAULT '0';
2017-10-17 04:46:28 bitnami_pm ALTER TABLE `LIST_PARTICIPATED_LAST` ADD COLUMN `USR_ID` INT(11) NULL DEFAULT '0';
2017-10-17 04:46:28 bitnami_pm ALTER TABLE `LIST_PARTICIPATED_LAST` ADD COLUMN `TAS_ID` INT(11) NULL DEFAULT '0';
2017-10-17 04:46:28 bitnami_pm ALTER TABLE `LIST_PARTICIPATED_LAST` ADD COLUMN `APP_STATUS_ID` TINYINT(4) NULL DEFAULT '0';
2017-10-17 04:46:28 bitnami_pm ALTER TABLE `LIST_COMPLETED` ADD COLUMN `PRO_ID` INT(11) NULL DEFAULT '0';
2017-10-17 04:46:28 bitnami_pm ALTER TABLE `LIST_COMPLETED` ADD COLUMN `USR_ID` INT(11) NULL DEFAULT '0';
2017-10-17 04:46:28 bitnami_pm ALTER TABLE `LIST_COMPLETED` ADD COLUMN `TAS_ID` INT(11) NULL DEFAULT '0';
2017-10-17 04:46:28 bitnami_pm ALTER TABLE `LIST_PAUSED` ADD COLUMN `PRO_ID` INT(11) NULL DEFAULT '0';
2017-10-17 04:46:28 bitnami_pm ALTER TABLE `LIST_PAUSED` ADD COLUMN `USR_ID` INT(11) NULL DEFAULT '0';
2017-10-17 04:46:28 bitnami_pm ALTER TABLE `LIST_PAUSED` ADD COLUMN `TAS_ID` INT(11) NULL DEFAULT '0';
2017-10-17 04:46:28 bitnami_pm ALTER TABLE `LIST_CANCELED` ADD COLUMN `PRO_ID` INT(11) NULL DEFAULT '0';
2017-10-17 04:46:29 bitnami_pm ALTER TABLE `LIST_CANCELED` ADD COLUMN `USR_ID` INT(11) NULL DEFAULT '0';
2017-10-17 04:46:29 bitnami_pm ALTER TABLE `LIST_CANCELED` ADD COLUMN `TAS_ID` INT(11) NULL DEFAULT '0';
2017-10-17 04:46:29 bitnami_pm ALTER TABLE `LIST_MY_INBOX` ADD COLUMN `PRO_ID` INT(11) NULL DEFAULT '0';
2017-10-17 04:46:29 bitnami_pm ALTER TABLE `LIST_MY_INBOX` ADD COLUMN `USR_ID` INT(11) NULL DEFAULT '0';
2017-10-17 04:46:29 bitnami_pm ALTER TABLE `LIST_MY_INBOX` ADD COLUMN `TAS_ID` INT(11) NULL DEFAULT '0';
2017-10-17 04:46:29 bitnami_pm ALTER TABLE `LIST_MY_INBOX` ADD COLUMN `APP_STATUS_ID` TINYINT(4) NULL DEFAULT '0';
2017-10-17 04:46:29 bitnami_pm ALTER TABLE `LIST_UNASSIGNED` ADD COLUMN `PRO_ID` INT(11) NULL DEFAULT '0';
2017-10-17 04:46:29 bitnami_pm ALTER TABLE `LIST_UNASSIGNED` ADD COLUMN `TAS_ID` INT(11) NULL DEFAULT '0';
2017-10-17 04:46:29 bitnami_pm ALTER TABLE `LIST_UNASSIGNED_GROUP` ADD COLUMN `USR_ID` INT(11) NULL DEFAULT '0';
2017-10-17 04:46:29 bitnami_pm ALTER TABLE `WEB_ENTRY_EVENT` ADD COLUMN `WEE_TITLE` MEDIUMTEXT NULL;
2017-10-17 04:46:29 bitnami_pm ALTER TABLE `WEB_ENTRY_EVENT` ADD COLUMN `WEE_DESCRIPTION` MEDIUMTEXT NULL;
2017-10-17 04:46:29 bitnami_pm ALTER TABLE `ABE_CONFIGURATION` ADD COLUMN `ABE_EMAIL_SERVER_UID` VARCHAR(32) NULL DEFAULT '';
2017-10-17 04:46:29 bitnami_pm ALTER TABLE `NOTIFICATION_DEVICE` CHANGE COLUMN `DEV_REG_ID` `DEV_REG_ID` VARCHAR(255) NOT NULL DEFAULT '';
2017-10-17 04:46:29 bitnami_pm ALTER TABLE `APP_DELEGATION` ADD INDEX INDEX_APP_NUMBER (`APP_NUMBER`);
2017-10-17 04:46:29 bitnami_pm ALTER TABLE `APP_DELEGATION` ADD INDEX INDEX_USR_ID (`USR_ID`);
2017-10-17 04:46:29 bitnami_pm ALTER TABLE `APP_DELEGATION` ADD INDEX INDEX_PRO_ID (`PRO_ID`);
2017-10-17 04:46:29 bitnami_pm ALTER TABLE `APP_DELEGATION` ADD INDEX INDEX_TAS_ID (`TAS_ID`);
2017-10-17 04:46:29 bitnami_pm ALTER TABLE `APP_DELEGATION` ADD INDEX INDEX_USR_UID (`USR_UID`);
2017-10-17 04:46:29 bitnami_pm ALTER TABLE `APP_DELEGATION` ADD INDEX INDEX_THREAD_STATUS_APP_NUMBER (`DEL_THREAD_STATUS`, `APP_NUMBER`);
2017-10-17 04:46:29 bitnami_pm ALTER TABLE `APP_MESSAGE` ADD INDEX indexForAppUid (`APP_UID`);
2017-10-17 04:46:29 bitnami_pm ALTER TABLE `GROUP_USER` ADD INDEX indexForUsrUid (`USR_UID`);
2017-10-17 04:46:29 bitnami_pm ALTER TABLE `CASE_CONSOLIDATED` ADD INDEX indexConStatus (`CON_STATUS`);
2017-10-17 04:46:29 bitnami_pm ALTER TABLE `LOGIN_LOG` ADD INDEX indexLoginLogSelect (`LOG_SID`, `USR_UID`, `LOG_STATUS`, `LOG_END_DATE`);
2017-10-17 04:46:29 bitnami_pm ALTER TABLE `APP_CACHE_VIEW` ADD INDEX indexUsrUidThreadStatusAppStatus (`USR_UID`, `DEL_THREAD_STATUS`, `APP_STATUS`);
2017-10-17 04:46:29 bitnami_pm ALTER TABLE `APP_HISTORY` ADD INDEX indexDynUid (`DYN_UID`);
2017-10-17 04:46:29 bitnami_pm ALTER TABLE `APP_ASSIGN_SELF_SERVICE_VALUE` ADD PRIMARY KEY (`ID`);
2017-10-17 04:46:29 bitnami_pm ALTER TABLE `LIST_INBOX` ADD INDEX INDEX_PRO_ID (`PRO_ID`);
2017-10-17 04:46:29 bitnami_pm ALTER TABLE `LIST_INBOX` ADD INDEX INDEX_USR_ID (`USR_ID`);
2017-10-17 04:46:29 bitnami_pm ALTER TABLE `LIST_INBOX` ADD INDEX INDEX_TAS_ID (`TAS_ID`);
2017-10-17 04:46:29 bitnami_pm ALTER TABLE `LIST_INBOX` ADD INDEX INDEX_APP_STATUS_ID (`APP_STATUS_ID`);
2017-10-17 04:46:29 bitnami_pm ALTER TABLE `LIST_PARTICIPATED_HISTORY` ADD INDEX INDEX_PRO_ID (`PRO_ID`);
2017-10-17 04:46:29 bitnami_pm ALTER TABLE `LIST_PARTICIPATED_HISTORY` ADD INDEX INDEX_USR_ID (`USR_ID`);
2017-10-17 04:46:29 bitnami_pm ALTER TABLE `LIST_PARTICIPATED_HISTORY` ADD INDEX INDEX_TAS_ID (`TAS_ID`);
2017-10-17 04:46:29 bitnami_pm ALTER TABLE `LIST_PARTICIPATED_LAST` ADD INDEX delDelegateDate (`DEL_DELEGATE_DATE`);
2017-10-17 04:46:29 bitnami_pm ALTER TABLE `LIST_PARTICIPATED_LAST` ADD INDEX INDEX_PRO_ID (`PRO_ID`);
2017-10-17 04:46:29 bitnami_pm ALTER TABLE `LIST_PARTICIPATED_LAST` ADD INDEX INDEX_USR_ID (`USR_ID`);
2017-10-17 04:46:29 bitnami_pm ALTER TABLE `LIST_PARTICIPATED_LAST` ADD INDEX INDEX_TAS_ID (`TAS_ID`);
2017-10-17 04:46:29 bitnami_pm ALTER TABLE `LIST_COMPLETED` ADD INDEX INDEX_PRO_ID (`PRO_ID`);
2017-10-17 04:46:29 bitnami_pm ALTER TABLE `LIST_COMPLETED` ADD INDEX INDEX_USR_ID (`USR_ID`);
2017-10-17 04:46:29 bitnami_pm ALTER TABLE `LIST_COMPLETED` ADD INDEX INDEX_TAS_ID (`TAS_ID`);
2017-10-17 04:46:29 bitnami_pm ALTER TABLE `LIST_PAUSED` ADD INDEX INDEX_PRO_ID (`PRO_ID`);
2017-10-17 04:46:29 bitnami_pm ALTER TABLE `LIST_PAUSED` ADD INDEX INDEX_USR_ID (`USR_ID`);
2017-10-17 04:46:29 bitnami_pm ALTER TABLE `LIST_PAUSED` ADD INDEX INDEX_TAS_ID (`TAS_ID`);
2017-10-17 04:46:29 bitnami_pm ALTER TABLE `LIST_CANCELED` ADD INDEX INDEX_PRO_ID (`PRO_ID`);
2017-10-17 04:46:29 bitnami_pm ALTER TABLE `LIST_CANCELED` ADD INDEX INDEX_USR_ID (`USR_ID`);
2017-10-17 04:46:29 bitnami_pm ALTER TABLE `LIST_CANCELED` ADD INDEX INDEX_TAS_ID (`TAS_ID`);
2017-10-17 04:46:29 bitnami_pm ALTER TABLE `LIST_MY_INBOX` ADD INDEX INDEX_PRO_ID (`PRO_ID`);
2017-10-17 04:46:29 bitnami_pm ALTER TABLE `LIST_MY_INBOX` ADD INDEX INDEX_USR_ID (`USR_ID`);
2017-10-17 04:46:29 bitnami_pm ALTER TABLE `LIST_MY_INBOX` ADD INDEX INDEX_TAS_ID (`TAS_ID`);
2017-10-17 04:46:29 bitnami_pm ALTER TABLE `LIST_UNASSIGNED` ADD INDEX INDEX_PRO_ID (`PRO_ID`);
2017-10-17 04:46:29 bitnami_pm ALTER TABLE `LIST_UNASSIGNED` ADD INDEX INDEX_TAS_ID (`TAS_ID`);
2017-10-17 04:46:29 bitnami_pm ALTER TABLE `LIST_UNASSIGNED_GROUP` ADD INDEX INDEX_USR_ID (`USR_ID`);
2017-10-17 04:46:30 bitnami_pm DELETE FROM `DASHLET` WHERE `DAS_UID` = '00000000000000000000000000000001'
2017-10-17 04:46:30 bitnami_pm INSERT INTO `DASHLET` (`DAS_UID`, `DAS_CLASS`, `DAS_TITLE`, `DAS_DESCRIPTION`, `DAS_VERSION`, `DAS_CREATE_DATE`, `DAS_UPDATE_DATE`, `DAS_STATUS`) VALUES ('00000000000000000000000000000001', 'dashletOpenVSCompleted', 'Open Cases VS Completed Cases', 'Open Cases VS Completed Cases', '1.0', ' 2011-10-28 00:00:00', ' 2011-10-28 00:00:00', 1)
2017-10-17 04:46:30 bitnami_pm DELETE FROM `DASHLET` WHERE `DAS_UID` = '00000000000000000000000000000002'
2017-10-17 04:46:30 bitnami_pm INSERT INTO `DASHLET` (`DAS_UID`, `DAS_CLASS`, `DAS_TITLE`, `DAS_DESCRIPTION`, `DAS_VERSION`, `DAS_CREATE_DATE`, `DAS_UPDATE_DATE`, `DAS_STATUS`) VALUES ('00000000000000000000000000000002', 'dashletProcessMakerCommunity', 'ProcessMaker Community', 'ProcessMaker Community Links and Information', '1.0', '2011-12-01 00:00:00', '2011-12-01 00:00:00', 1)
2017-10-17 04:46:30 bitnami_pm DELETE FROM `DASHLET` WHERE `DAS_UID` = '00000000000000000000000000000003'
2017-10-17 04:46:30 bitnami_pm INSERT INTO `DASHLET` (`DAS_UID`, `DAS_CLASS`, `DAS_TITLE`, `DAS_DESCRIPTION`, `DAS_VERSION`, `DAS_CREATE_DATE`, `DAS_UPDATE_DATE`, `DAS_STATUS`) VALUES ('00000000000000000000000000000003', 'dashletProcessMakerEnterprise', 'ProcessMaker Enterprise Plugins and Addons', 'The following list of Enterprise plug-ins includes features and functionality that extend and enhance ProcessMaker\'s performance and functionality.', '1.0', '2011-12-05', '2011-12-05', 1)
2017-10-17 04:46:30 bitnami_pm DELETE FROM `DASHLET` WHERE `DAS_UID` = '00000000000000000000000000000004'
2017-10-17 04:46:30 bitnami_pm INSERT INTO `DASHLET` (`DAS_UID`, `DAS_CLASS`, `DAS_TITLE`, `DAS_DESCRIPTION`, `DAS_VERSION`, `DAS_CREATE_DATE`, `DAS_UPDATE_DATE`, `DAS_STATUS`) VALUES ('00000000000000000000000000000004', 'dashletRssReader', 'Simple RSS reader', 'Simple RSS reader for ProcessMaker', '1.0', ' 2012-04-16 00:00:00', ' 2012-04-16 00:00:00', 1)
